
SELECT * FROM "types" WHERE "name" = 'permissions' LIMIT 1
CREATE TABLE IF NOT EXISTS account (id INTEGER UNIQUE AUTOINCREMENT PRIMARY KEY, role TEXT, type TEXT)
SELECT * FROM "types" WHERE "name" = 'permissions' LIMIT 1
CREATE TABLE IF NOT EXISTS account (id INTEGER UNIQUE AUTOINCREMENT PRIMARY KEY, role TEXT, type TEXT)
SELECT * FROM "types" WHERE "name" = 'permissions' LIMIT 1
CREATE TABLE IF NOT EXISTS account (id INTEGER PRIMARY KEY AUTOINCREMENT UNIQUE, role TEXT, type TEXT)
SELECT * FROM "types" WHERE "name" = 'permissions' LIMIT 1
CREATE TABLE IF NOT EXISTS account (id INTEGER PRIMARY KEY AUTOINCREMENT UNIQUE, role TEXT, type TEXT)
SELECT * FROM "types" WHERE "name" = 'permissions' LIMIT 1
SELECT * FROM "types" WHERE "name" = 'permissions' LIMIT 1
SELECT * FROM "types" WHERE "name" = 'permissions' LIMIT 1
CREATE TABLE IF NOT EXISTS account (id INTEGER PRIMARY KEY AUTOINCREMENT UNIQUE, role INTEGER, type INTEGER)
SELECT * FROM "types" WHERE "name" = 'permissions' LIMIT 1
CREATE TABLE IF NOT EXISTS account (id INTEGER PRIMARY KEY AUTOINCREMENT UNIQUE, role INTEGER, type INTEGER)
SELECT * FROM "types" WHERE "name" = 'permissions' LIMIT 1
CREATE TABLE IF NOT EXISTS permissions (id INTEGER PRIMARY KEY AUTOINCREMENT UNIQUE, role INTEGER, type INTEGER)
SELECT * FROM "types" WHERE "name" = 'permissions' LIMIT 1
CREATE TABLE IF NOT EXISTS permissions (id INTEGER PRIMARY KEY AUTOINCREMENT UNIQUE, role INTEGER, type INTEGER)
DROP TABLE IF EXISTS permissions
SELECT * FROM "types" WHERE "name" = 'permissions' LIMIT 1
CREATE TABLE IF NOT EXISTS permissions (id INTEGER PRIMARY KEY AUTOINCREMENT UNIQUE, role INTEGER, type INTEGER)
SELECT * FROM "roles"
SELECT * FROM "types"
SELECT * FROM "roles"
SELECT * FROM "roles" WHERE "name" = 'admin'
SELECT * FROM "roles"
SELECT * FROM "types"
SELECT * FROM "types" WHERE "name" = 'users'
SELECT * FROM "types"
UPDATE "types" SET "attributes" = '[{"name":"id","editable":true,"type":"string"},{"name":"username","editable":true,"type":"string"},{"name":"email","editable":true,"type":"string"},{"name":"password","editable":true,"type":"string"},{"name":"role","editable":true,"type":"relation","params":{"target":"roles","nature":"oneToOne","targetColumnName":"name"}}]' WHERE "id" = '7'
DROP TABLE IF EXISTS users
SELECT * FROM "types" WHERE "name" = 'users' LIMIT 1
CREATE TABLE IF NOT EXISTS users (id TEXT, username TEXT, email TEXT, password TEXT, role INTEGER)
SELECT * FROM "types"
SELECT * FROM "types" WHERE "name" = 'users'
SELECT * FROM "types"
SELECT * FROM "types" WHERE "name" = 'users'
SELECT * FROM "users"
SELECT * FROM "types" WHERE "name" = 'users'
INSERT INTO "users" ("username", "email", "password") VALUES ('jellehak@gmail.com', 'jellehak@gmail.com', '123')
SELECT * FROM "types" WHERE "name" = 'users'
SELECT * FROM "users"
SELECT * FROM "types" WHERE "name" = 'users'
SELECT * FROM "types" WHERE "name" = 'users'
SELECT * FROM "users"
SELECT * FROM "types"
SELECT * FROM "types" WHERE "name" = 'users'
SELECT * FROM "users"
SELECT * FROM "types" WHERE "name" = 'users'
SELECT * FROM "types" WHERE "name" = 'users'
SELECT * FROM "users"
SELECT * FROM "types" WHERE "name" = 'users'
SELECT * FROM "users"
SELECT * FROM "types" WHERE "name" = 'users'
SELECT * FROM "users"
SELECT * FROM "types" WHERE "name" = 'users'
SELECT * FROM "types" WHERE "name" = 'users'
SELECT * FROM "users"
SELECT * FROM "users"
SELECT * FROM "types" WHERE "name" = 'users'
SELECT * FROM "users"
SELECT * FROM "types" WHERE "name" = 'users'
SELECT * FROM "users" WHERE "id" = '1' LIMIT 1
SELECT * FROM "types" WHERE "name" = 'users'
SELECT * FROM "users"
SELECT * FROM "types" WHERE "name" = 'users'
SELECT * FROM "users" WHERE "id" = '1' LIMIT 1
SELECT * FROM "types"
SELECT * FROM "types" WHERE "name" = 'users'
SELECT * FROM "users"
SELECT * FROM "types" WHERE "name" = 'users'
SELECT * FROM "users" WHERE "id" = '1' LIMIT 1
SELECT * FROM "types" WHERE "name" = 'users'
SELECT * FROM "users"
SELECT * FROM "types" WHERE "name" = 'users'
SELECT * FROM "users" WHERE "id" = '1' LIMIT 1
SELECT * FROM "roles"
UPDATE "users" SET "id" = '1', "username" = 'jellehak@gmail.com', "email" = 'jellehak@gmail.com', "password" = '123', "role" = '3' WHERE "id" = '1'
SELECT * FROM "types" WHERE "name" = 'users'
SELECT * FROM "users"
SELECT * FROM "roles"
SELECT * FROM "types"
SELECT * FROM "types" WHERE "name" = 'users'
SELECT * FROM "types"
UPDATE "types" SET "attributes" = '[{"name":"id","editable":true,"type":"string"},{"name":"username","editable":true,"type":"string"},{"name":"email","editable":true,"type":"string"},{"name":"password","editable":true,"type":"string"},{"name":"role","editable":true,"type":"relation","params":{"target":"roles","nature":"manyToOne","targetColumnName":"name"}}]' WHERE "id" = '7'
UPDATE "types" SET "attributes" = '[{"name":"id","editable":true,"type":"string"},{"name":"username","editable":true,"type":"string"},{"name":"email","editable":true,"type":"string"},{"name":"password","editable":true,"type":"string"},{"name":"role","editable":true,"type":"relation","params":{"target":"roles","nature":"manyToOne","targetColumnName":"name"}}]' WHERE "id" = '7'
SELECT * FROM "types" WHERE "name" = 'users'
SELECT * FROM "users"
SELECT * FROM "types" WHERE "name" = 'users'
SELECT * FROM "roles"
SELECT * FROM "users" WHERE "id" = '1' LIMIT 1
SELECT * FROM "types" WHERE "name" = 'users'
SELECT * FROM "users"
SELECT * FROM "types" WHERE "name" = 'users'
SELECT * FROM "roles"
SELECT * FROM "users" WHERE "id" = '1' LIMIT 1
SELECT * FROM "types" WHERE "name" = 'users'
SELECT * FROM "users"
SELECT * FROM "types" WHERE "name" = 'users'
SELECT * FROM "users"
SELECT * FROM "types" WHERE "name" = 'users'
SELECT * FROM "roles"
SELECT * FROM "users" WHERE "id" = '1' LIMIT 1
SELECT * FROM "roles"
SELECT * FROM "types" WHERE "name" = 'users'
SELECT * FROM "users"
SELECT * FROM "types" WHERE "name" = 'users'
SELECT * FROM "roles"
SELECT * FROM "users" WHERE "id" = '1' LIMIT 1
SELECT * FROM "types" WHERE "name" = 'users'
SELECT * FROM "users"
SELECT * FROM "types" WHERE "name" = 'users'
SELECT * FROM "roles"
SELECT * FROM "users" WHERE "id" = '1' LIMIT 1
SELECT * FROM "types" WHERE "name" = 'users'
SELECT * FROM "users"
SELECT * FROM "roles"
SELECT * FROM "types"
SELECT * FROM "types" WHERE "name" = 'types'
SELECT * FROM "types"
SELECT * FROM "types" WHERE "name" = 'orders'
SELECT * FROM "types"
SELECT * FROM "types" WHERE "name" = 'users'
SELECT * FROM "types"
UPDATE "types" SET "attributes" = '[{"name":"id","editable":true,"type":"string"},{"name":"username","editable":true,"type":"string"},{"name":"email","editable":true,"type":"string"},{"name":"password","editable":true,"type":"string"},{"name":"role","editable":true,"type":"relation","params":{"target":"roles","nature":"oneToOne","targetColumnName":"name"}}]' WHERE "id" = '7'
SELECT * FROM "types" WHERE "name" = 'users'
SELECT * FROM "types"
SELECT * FROM "types" WHERE "name" = 'users'
SELECT * FROM "types"
SELECT * FROM "types" WHERE "name" = 'users'
SELECT * FROM "types"
SELECT * FROM "types"
SELECT * FROM "types" WHERE "name" = 'users'
SELECT * FROM "types"
SELECT * FROM "types" WHERE "name" = 'users'
SELECT * FROM "types"
SELECT * FROM "types" WHERE "name" = 'users'
SELECT * FROM "types"
SELECT * FROM "types" WHERE "name" = 'users'
SELECT * FROM "types"
SELECT * FROM "types" WHERE "name" = 'users'
SELECT * FROM "types"
SELECT * FROM "types"
SELECT * FROM "types"
SELECT * FROM "types" WHERE "name" = 'users'
SELECT * FROM "types"
UPDATE "types" SET "attributes" = '[{"name":"id","editable":true,"type":"string"},{"name":"username","editable":true,"type":"string"},{"name":"email","editable":true,"type":"string"},{"name":"password","editable":true,"type":"string"},{"name":"role","editable":true,"type":"relation","params":{"target":"roles","nature":"oneToOne","targetColumnName":"name"},"target":"roles","nature":"oneToOne","targetColumnName":"name"}]' WHERE "id" = '7'
SELECT * FROM "types"
SELECT * FROM "types" WHERE "name" = 'users'
SELECT * FROM "types"
SELECT * FROM "types"
SELECT * FROM "types"
SELECT * FROM "types"
SELECT * FROM "types" WHERE "name" = 'users'
SELECT * FROM "types"
SELECT * FROM "types"
SELECT * FROM "types" WHERE "name" = 'users'
SELECT * FROM "types"
SELECT * FROM "types" WHERE "name" = 'users'
SELECT * FROM "types"
UPDATE "types" SET "attributes" = '[{"name":"id","editable":true,"type":"string"},{"name":"username","editable":true,"type":"string"},{"name":"email","editable":true,"type":"string"},{"name":"password","editable":true,"type":"password"},{"name":"role","editable":true,"type":"relation","params":{"target":"roles","nature":"oneToOne","targetColumnName":"name"},"target":"roles","nature":"oneToOne","targetColumnName":"name"}]' WHERE "id" = '7'
SELECT * FROM "types" WHERE "name" = 'users'
SELECT * FROM "users"
SELECT * FROM "types" WHERE "name" = 'users'
SELECT * FROM "roles"
SELECT * FROM "users" WHERE "id" = '1' LIMIT 1
SELECT * FROM "types" WHERE "name" = 'users'
SELECT * FROM "users"
SELECT * FROM "types" WHERE "name" = 'users'
SELECT * FROM "roles"
SELECT * FROM "users" WHERE "id" = '1' LIMIT 1
SELECT * FROM "types" WHERE "name" = 'users'
SELECT * FROM "users"
SELECT * FROM "types"
SELECT * FROM "types" WHERE "name" = 'users'
SELECT * FROM "users"
SELECT * FROM "types"
SELECT * FROM "roles"
SELECT * FROM "roles" WHERE "name" = 'public'
SELECT * FROM "roles" WHERE "name" = 'public'
SELECT * FROM "roles" WHERE "name" = 'public'
SELECT * FROM "roles" WHERE "name" = 'public'
SELECT * FROM "users" WHERE "role" = '1'
SELECT * FROM "roles" WHERE "name" = 'public'
SELECT * FROM "users" WHERE "role" = '1'
SELECT * FROM "roles"
SELECT * FROM "roles" WHERE "name" = 'admin'
SELECT * FROM "users" WHERE "role" = '3'
SELECT * FROM "collections"
SELECT * FROM "collections"
SELECT * FROM "collections"
SELECT * FROM "collections"
SELECT * FROM "collections"
SELECT * FROM "collections"
SELECT * FROM "collections"
SELECT * FROM "collections"
SELECT * FROM "collections"
SELECT * FROM "collections"
SELECT * FROM "collections"
SELECT * FROM "" WHERE "id" IS NULL LIMIT 1
SELECT * FROM "" WHERE "id" IS NULL LIMIT 1
SELECT * FROM "" WHERE "id" IS NULL LIMIT 1
SELECT * FROM "" WHERE "id" IS NULL LIMIT 1
SELECT * FROM "users" WHERE "username" IS NULL AND "password" = '123' LIMIT 1
SELECT * FROM "users" WHERE "username" = 'test@test.nl' AND "password" = '123' LIMIT 1
SELECT * FROM "users" WHERE "email" = 'test@test.nl' AND "password" = '123' LIMIT 1
SELECT * FROM "users" WHERE "email" = 'test@test.nl' AND "password" = '123' LIMIT 1
SELECT * FROM "users" WHERE "email" = 'test@test.nl' AND "password" = '123' LIMIT 1
SELECT * FROM "users" WHERE "email" = 'jellehak@gmail.com' AND "password" = '123' LIMIT 1
SELECT * FROM "users" WHERE "email" = 'jellehak@gmail.com' AND "password" = '123' LIMIT 1
SELECT * FROM "users" WHERE "email" = 'jellehak@gmail.com' AND "password" = '123' LIMIT 1
SELECT * FROM "users" WHERE "email" = 'test@test.nl' AND "password" = '123' LIMIT 1
SELECT * FROM "users" WHERE "email" = 'test@test.nl' AND "password" = '123' LIMIT 1
SELECT * FROM "users" WHERE "email" = 'jellehak@gmail.com' AND "password" = '123' LIMIT 1
SELECT * FROM "users" WHERE "email" = 'jellehak@gmail.com' AND "password" = '123' LIMIT 1
SELECT * FROM "users" WHERE "email" = 'jellehak@gmail.com' AND "password" = '123' LIMIT 1
SELECT * FROM "users" WHERE "email" = 'test@test.nl' AND "password" = '123' LIMIT 1
SELECT * FROM "users" WHERE "email" = 'test@test.nl' AND "password" = '123' LIMIT 1
SELECT * FROM "users" WHERE "email" = 'test@test.nl' AND "password" = '123' LIMIT 1
SELECT * FROM "users" WHERE "email" = 'test@test.nl' AND "password" = '123' LIMIT 1
SELECT * FROM "users" WHERE "email" = 'test@test.nl' AND "password" = '123' LIMIT 1
SELECT * FROM "users" WHERE "email" = 'test@test.nl' AND "password" = '123' LIMIT 1
SELECT * FROM "users" WHERE "email" = 'jellehak@gmail.com' AND "password" = '123' LIMIT 1
SELECT * FROM "users" WHERE "email" = 'jellehak@gmail.com' AND "password" = '123' LIMIT 1
SELECT * FROM "users" WHERE "email" = 'jellehak@gmail.com' AND "password" = '123' LIMIT 1
SELECT * FROM "users" WHERE "email" = 'test@test.nl' AND "password" = '123' LIMIT 1
SELECT * FROM "users" WHERE "email" = 'test@test.nl' AND "password" = '123' LIMIT 1
SELECT * FROM "users" WHERE "email" = 'test@test.nl' AND "password" = '123' LIMIT 1
SELECT * FROM "users" WHERE "email" = 'jellehak@gmail.com' AND "password" = '123' LIMIT 1
SELECT * FROM "users" WHERE "email" = 'test@test.nl' AND "password" = '123' LIMIT 1
SELECT * FROM "users" WHERE "email" = 'jellehak@gmail.com' AND "password" = '123' LIMIT 1
SELECT * FROM "users" WHERE "email" = 'jellehak@gmail.com' AND "password" = '123' LIMIT 1
SELECT * FROM "users" WHERE "email" = 'jellehak@gmail.com' AND "password" = '123' LIMIT 1
SELECT * FROM "users" WHERE "email" = 'jellehak@gmail.com' AND "password" = '123' LIMIT 1
SELECT * FROM "users" WHERE "email" = 'jellehak@gmail.com' AND "password" = '123' LIMIT 1
SELECT * FROM "users" WHERE "email" = 'jellehak@gmail.com' AND "password" = '123' LIMIT 1
SELECT * FROM "users" WHERE "email" = 'jellehak@gmail.com' AND "password" = '123' LIMIT 1
SELECT * FROM "users" WHERE "email" = 'jellehak@gmail.com' AND "password" = '123' LIMIT 1
SELECT * FROM "types"
SELECT * FROM "users" WHERE "email" = 'jellehak@gmail.com' AND "password" = '123' LIMIT 1
SELECT * FROM "types"
SELECT * FROM "users" WHERE "email" = 'jellehak@gmail.com' AND "password" = '123' LIMIT 1
SELECT * FROM "types"
SELECT * FROM "types"
SELECT * FROM "types"
SELECT * FROM "types"
SELECT * FROM "types"
SELECT * FROM "types"
SELECT * FROM "types"
SELECT * FROM "types"
SELECT * FROM "types"
SELECT * FROM "types"
SELECT * FROM "types"
SELECT * FROM "types"
SELECT * FROM "types"
SELECT * FROM "types"
SELECT * FROM "types"
SELECT * FROM "types"
SELECT * FROM "types"
SELECT * FROM "types"
SELECT * FROM "types"
SELECT * FROM "types"
SELECT * FROM "types"
SELECT * FROM "users" WHERE "email" = 'jellehak@gmail.com' AND "password" = '123' LIMIT 1
SELECT * FROM "types"
SELECT * FROM "types"
SELECT * FROM "types"
SELECT * FROM "types"
SELECT * FROM "types"
SELECT * FROM "types"
SELECT * FROM "types"
SELECT * FROM "types"
SELECT * FROM "types"
SELECT * FROM "types"
SELECT * FROM "types"
SELECT * FROM "types"
SELECT * FROM "types"
SELECT * FROM "types"
SELECT * FROM "types"
SELECT * FROM "types"
SELECT * FROM "types"
SELECT * FROM "types"
SELECT * FROM "types"
SELECT * FROM "types"
SELECT * FROM "types"
SELECT * FROM "types"
SELECT * FROM "types"
SELECT * FROM "types"
SELECT * FROM "types"
SELECT * FROM "types"
SELECT * FROM "types"
SELECT * FROM "types" WHERE "name" = 'menus'
SELECT * FROM "menus"
SELECT * FROM "types" WHERE "name" = 'pages'
SELECT * FROM "pages"
SELECT * FROM "types" WHERE "name" = 'menus'
SELECT * FROM "menus"
SELECT * FROM "types"
SELECT * FROM "types"
SELECT * FROM "types" WHERE "name" = 'menus'
SELECT * FROM "menus"
SELECT * FROM "types"
SELECT * FROM "types"
SELECT * FROM "types" WHERE "name" = 'menus'
SELECT * FROM "menus"
SELECT * FROM "types"
SELECT * FROM "types"
SELECT * FROM "types" WHERE "name" = 'menus'
SELECT * FROM "menus"
SELECT * FROM "types" WHERE "name" = 'news'
SELECT * FROM "news"
SELECT * FROM "types"
SELECT * FROM "types" WHERE "name" = 'news'
SELECT * FROM "news"
SELECT * FROM "types"
SELECT * FROM "types"
SELECT * FROM "types" WHERE "name" = 'news'
SELECT * FROM "news"
SELECT * FROM "types"
SELECT * FROM "types" WHERE "name" = 'news'
SELECT * FROM "news"
SELECT * FROM "types"
SELECT * FROM "types"
SELECT * FROM "types" WHERE "name" = 'news'
SELECT * FROM "news"
SELECT * FROM "types"
SELECT * FROM "types"
SELECT * FROM "types" WHERE "name" = 'news'
SELECT * FROM "news"
SELECT * FROM "types"
SELECT * FROM "types"
SELECT * FROM "types" WHERE "name" = 'news'
SELECT * FROM "news"
SELECT * FROM "types"
SELECT * FROM "types"
SELECT * FROM "types" WHERE "name" = 'news'
SELECT * FROM "news"
SELECT * FROM "types"
SELECT * FROM "types" WHERE "name" = 'news'
SELECT * FROM "news"
SELECT * FROM "types" WHERE "name" = 'menus'
SELECT * FROM "menus"
SELECT * FROM "types" WHERE "name" = 'media'
SELECT * FROM "media"
SELECT * FROM "types" WHERE "name" = 'news'
SELECT * FROM "news"
SELECT * FROM "types" WHERE "name" = 'news'
SELECT * FROM "news"
SELECT * FROM "types" WHERE "name" = 'news'
SELECT * FROM "news"
SELECT * FROM "types"
SELECT * FROM "types"



SELECT * FROM "pages"
SELECT * FROM "pages"
SELECT * FROM "pages"
SELECT * FROM "pages"
SELECT * FROM "pages"
SELECT * FROM "pages"


SELECT * FROM "pages"











SELECT * FROM "types"
SELECT * FROM "types" WHERE "token" = 'Bearer eyJ0eXAiOiJKV1QiLCJhbGciOiJIUzI1NiJ9.eyJ1aWQiOiIxIiwic2NvcGVzIjpbInVzZXIiXSwiZXhwIjoxNTgxOTczMDkyfQ.Kk8pTIywRm-65oP-p0Ev8kJ5BV3S26gt8YRiZDfeRyY'
SELECT * FROM "users" WHERE "email" = 'jellehak@gmail.com' AND "password" = '123' LIMIT 1
SELECT * FROM "types"
SELECT * FROM "types" WHERE "name" = 'orders'
SELECT * FROM "orders"
SELECT * FROM "types" WHERE "name" = 'themes'

SELECT * FROM "types" WHERE "name" = 'media'
SELECT * FROM "media"
SELECT * FROM "types" WHERE "name" = 'pages'
SELECT * FROM "pages"
SELECT * FROM "types" WHERE "name" = 'media'
SELECT * FROM "media"
SELECT * FROM "types" WHERE "name" = 'permissions'
SELECT * FROM "permissions"
SELECT * FROM "types" WHERE "name" = 'types'
SELECT * FROM "types"
SELECT * FROM "roles"
SELECT * FROM "types"
SELECT * FROM "types" WHERE "name" = 'types'
SELECT * FROM "types"
SELECT * FROM "types" WHERE "name" = 'menus'
SELECT * FROM "menus"
SELECT * FROM "types" WHERE "name" = 'news'
SELECT * FROM "news"
SELECT * FROM "types" WHERE "name" = 'permissions'
SELECT * FROM "permissions"